<?xml version="1.0" encoding="UTF-8"?>
<!-- Generated by org.testng.reporters.JUnitXMLReporter -->
<testsuite ignored="0" hostname="acer-PC" failures="0" tests="1" name="RunallTests" time="0.065" errors="0" timestamp="18 Oct 2017 05:05:58 GMT">
  <testcase classname="TestCases.Functionality_test" name="@BeforeClass setUp" time="0.017">
    <failure type="java.io.FileNotFoundException" message="C:\Users\acer\eclipse-workspace\TestAutomation\src\test\resources (Access is denied)">
      <![CDATA[java.io.FileNotFoundException: C:\Users\acer\eclipse-workspace\TestAutomation\src\test\resources (Access is denied)
	at java.base/java.io.FileInputStream.open0(Native Method)
	at java.base/java.io.FileInputStream.open(FileInputStream.java:196)
	at java.base/java.io.FileInputStream.<init>(FileInputStream.java:139)
	at java.base/java.io.FileInputStream.<init>(FileInputStream.java:94)
	at TestCases.Functionality_test.setUp(Functionality_test.java:25)
... Removed 25 stack frames]]>
    </failure>
  </testcase> <!-- @BeforeClass setUp -->
  <testcase classname="TestCases.TestLoginPage" name="@BeforeClass browsersetUp" time="0.0">
    <skipped/>
  </testcase> <!-- @BeforeClass browsersetUp -->
  <testcase classname="TestCases.TestLoginPage" name="test_login_successful" time="0.001">
    <skipped/>
  </testcase> <!-- test_login_successful -->
</testsuite> <!-- RunallTests -->
