<?xml version="1.0" encoding="UTF-8"?>
<!-- Generated by org.testng.reporters.JUnitXMLReporter -->
<testsuite ignored="0" hostname="acer-PC" failures="1" tests="1" name="Validating home page" time="9.442" errors="0" timestamp="20 Oct 2017 04:30:38 GMT">
  <testcase classname="TestCases.Functionality_test" name="@AfterMethod takeScreenShotOnFailure" time="0.15">
    <failure type="java.io.FileNotFoundException" message="C:\screen.screens.jpg (Access is denied)">
      <![CDATA[java.io.FileNotFoundException: C:\screen.screens.jpg (Access is denied)
	at java.base/java.io.FileOutputStream.open0(Native Method)
	at java.base/java.io.FileOutputStream.open(FileOutputStream.java:276)
	at java.base/java.io.FileOutputStream.<init>(FileOutputStream.java:220)
	at java.base/java.io.FileOutputStream.<init>(FileOutputStream.java:170)
	at org.apache.commons.io.FileUtils.doCopyFile(FileUtils.java:1142)
	at org.apache.commons.io.FileUtils.copyFile(FileUtils.java:1088)
	at org.apache.commons.io.FileUtils.copyFile(FileUtils.java:1040)
	at TestCases.Functionality_test.takeScreenShotOnFailure(Functionality_test.java:73)
... Removed 27 stack frames]]>
    </failure>
  </testcase> <!-- @AfterMethod takeScreenShotOnFailure -->
  <testcase classname="TestCases.TestLoginPage" name="test_login_successful" time="3.068">
    <failure type="java.lang.AssertionError" message="expected [true] but found [false]">
      <![CDATA[java.lang.AssertionError: expected [true] but found [false]
	at TestCases.TestLoginPage.test_login_successful(TestLoginPage.java:47)
... Removed 29 stack frames]]>
    </failure>
  </testcase> <!-- test_login_successful -->
</testsuite> <!-- Validating home page -->
